c:\users\sngbi\source\repos\gameserver\gameserver\x64\debug\gameserver.pch
c:\users\sngbi\source\repos\gameserver\gameserver\x64\debug\vc142.pdb
c:\users\sngbi\source\repos\gameserver\gameserver\x64\debug\vc142.idb
c:\users\sngbi\source\repos\gameserver\gameserver\x64\debug\gameserverpch.obj
c:\users\sngbi\source\repos\gameserver\gameserver\x64\debug\protocol.pb.obj
c:\users\sngbi\source\repos\gameserver\gameserver\x64\debug\struct.pb.obj
c:\users\sngbi\source\repos\gameserver\gameserver\x64\debug\enum.pb.obj
c:\users\sngbi\source\repos\gameserver\gameserver\x64\debug\clientpackethandler.obj
c:\users\sngbi\source\repos\gameserver\gameserver\x64\debug\gamesessionmanager.obj
c:\users\sngbi\source\repos\gameserver\gameserver\x64\debug\gamesession.obj
c:\users\sngbi\source\repos\gameserver\gameserver\x64\debug\gameserver.obj
c:\users\sngbi\source\repos\gameserver\gameserver\x64\debug\gameserver.ilk
c:\users\sngbi\source\repos\gameserver\binary\debug\gameserver.exe
c:\users\sngbi\source\repos\gameserver\binary\debug\gameserver.pdb
c:\users\sngbi\source\repos\gameserver\gameserver\x64\debug\gameserver.tlog\cl.command.1.tlog
c:\users\sngbi\source\repos\gameserver\gameserver\x64\debug\gameserver.tlog\cl.read.1.tlog
c:\users\sngbi\source\repos\gameserver\gameserver\x64\debug\gameserver.tlog\cl.write.1.tlog
c:\users\sngbi\source\repos\gameserver\gameserver\x64\debug\gameserver.tlog\link.command.1.tlog
c:\users\sngbi\source\repos\gameserver\gameserver\x64\debug\gameserver.tlog\link.read.1.tlog
c:\users\sngbi\source\repos\gameserver\gameserver\x64\debug\gameserver.tlog\link.write.1.tlog
