  pch.cpp
  Allocator.cpp
C:\Users\sngbi\source\repos\GameServer\ServerCore\Allocator.cpp(27,53): warning C4244: '인수': 'int64'에서 'SIZE_T'(으)로 변환하면서 데이터가 손실될 수 있습니다.
  CoreGlobal.cpp
  CoreMacro.cpp
  CorePch.cpp
  CoreTLS.cpp
  DeadLockProfiler.cpp
  IocpCore.cpp
  IocpEvent.cpp
  Listener.cpp
  Lock.cpp
C:\Users\sngbi\source\repos\GameServer\ServerCore\Lock.cpp(11,43): warning C4244: '초기화 중': 'ULONGLONG'에서 'uint32'(으)로 변환하면서 데이터가 손실될 수 있습니다.
C:\Users\sngbi\source\repos\GameServer\ServerCore\Lock.cpp(11,25): warning C4244: '초기화 중': 'ULONGLONG'에서 'const uint32'(으)로 변환하면서 데이터가 손실될 수 있습니다.
C:\Users\sngbi\source\repos\GameServer\ServerCore\Lock.cpp(51,19): warning C4244: '초기화 중': 'ULONGLONG'에서 'uint32'(으)로 변환하면서 데이터가 손실될 수 있습니다.
  LockQueue.cpp
  MemoryManager.cpp
C:\Users\sngbi\source\repos\GameServer\ServerCore\MemoryManager.cpp(12,42): warning C4316: 'MemoryPool': 힙에 할당된 개체가 16에 맞추어져 있지 않을 수도 있습니다
C:\Users\sngbi\source\repos\GameServer\ServerCore\MemoryManager.cpp(24,42): warning C4316: 'MemoryPool': 힙에 할당된 개체가 16에 맞추어져 있지 않을 수도 있습니다
C:\Users\sngbi\source\repos\GameServer\ServerCore\MemoryManager.cpp(36,42): warning C4316: 'MemoryPool': 힙에 할당된 개체가 16에 맞추어져 있지 않을 수도 있습니다
  MemoryPool.cpp
  NetAddress.cpp
  Service.cpp
  Session.cpp
  SocketUtils.cpp
  ThreadManager.cpp
  코드를 생성하고 있습니다...
  ServerCore.vcxproj -> C:\Users\sngbi\source\repos\GameServer\Libraries\Debug\ServerCore.lib
