c:\users\sngbi\source\repos\gameserver\servercore\x64\release\servercore.pch
c:\users\sngbi\source\repos\gameserver\libraries\libs\servercore\release\servercore.pdb
c:\users\sngbi\source\repos\gameserver\servercore\x64\release\pch.obj
c:\users\sngbi\source\repos\gameserver\servercore\x64\release\session.obj
c:\users\sngbi\source\repos\gameserver\servercore\x64\release\service.obj
c:\users\sngbi\source\repos\gameserver\servercore\x64\release\sendbuffer.obj
c:\users\sngbi\source\repos\gameserver\servercore\x64\release\recvbuffer.obj
c:\users\sngbi\source\repos\gameserver\servercore\x64\release\netaddress.obj
c:\users\sngbi\source\repos\gameserver\servercore\x64\release\memorypool.obj
c:\users\sngbi\source\repos\gameserver\servercore\x64\release\memorymanager.obj
c:\users\sngbi\source\repos\gameserver\servercore\x64\release\lockqueue.obj
c:\users\sngbi\source\repos\gameserver\servercore\x64\release\lock.obj
c:\users\sngbi\source\repos\gameserver\servercore\x64\release\listener.obj
c:\users\sngbi\source\repos\gameserver\servercore\x64\release\iocpevent.obj
c:\users\sngbi\source\repos\gameserver\servercore\x64\release\iocpcore.obj
c:\users\sngbi\source\repos\gameserver\servercore\x64\release\deadlockprofiler.obj
c:\users\sngbi\source\repos\gameserver\servercore\x64\release\coretls.obj
c:\users\sngbi\source\repos\gameserver\servercore\x64\release\corepch.obj
c:\users\sngbi\source\repos\gameserver\servercore\x64\release\coremacro.obj
c:\users\sngbi\source\repos\gameserver\servercore\x64\release\coreglobal.obj
c:\users\sngbi\source\repos\gameserver\servercore\x64\release\bufferwriter.obj
c:\users\sngbi\source\repos\gameserver\servercore\x64\release\bufferreader.obj
c:\users\sngbi\source\repos\gameserver\servercore\x64\release\allocator.obj
c:\users\sngbi\source\repos\gameserver\servercore\x64\release\threadmanager.obj
c:\users\sngbi\source\repos\gameserver\servercore\x64\release\socketutils.obj
c:\users\sngbi\source\repos\gameserver\libraries\libs\servercore\release\servercore.lib
c:\users\sngbi\source\repos\gameserver\servercore\x64\release\servercore.tlog\cl.command.1.tlog
c:\users\sngbi\source\repos\gameserver\servercore\x64\release\servercore.tlog\cl.read.1.tlog
c:\users\sngbi\source\repos\gameserver\servercore\x64\release\servercore.tlog\cl.write.1.tlog
c:\users\sngbi\source\repos\gameserver\servercore\x64\release\servercore.tlog\lib-link.read.1.tlog
c:\users\sngbi\source\repos\gameserver\servercore\x64\release\servercore.tlog\lib-link.write.1.tlog
c:\users\sngbi\source\repos\gameserver\servercore\x64\release\servercore.tlog\lib.command.1.tlog
