c:\users\sngbi\source\repos\gameserver\servercore\x64\debug\servercore.pch
c:\users\sngbi\source\repos\gameserver\libraries\debug\servercore.pdb
c:\users\sngbi\source\repos\gameserver\libraries\debug\servercore.idb
c:\users\sngbi\source\repos\gameserver\servercore\x64\debug\pch.obj
c:\users\sngbi\source\repos\gameserver\servercore\x64\debug\session.obj
c:\users\sngbi\source\repos\gameserver\servercore\x64\debug\service.obj
c:\users\sngbi\source\repos\gameserver\servercore\x64\debug\sendbuffer.obj
c:\users\sngbi\source\repos\gameserver\servercore\x64\debug\recvbuffer.obj
c:\users\sngbi\source\repos\gameserver\servercore\x64\debug\netaddress.obj
c:\users\sngbi\source\repos\gameserver\servercore\x64\debug\memorypool.obj
c:\users\sngbi\source\repos\gameserver\servercore\x64\debug\memorymanager.obj
c:\users\sngbi\source\repos\gameserver\servercore\x64\debug\lockqueue.obj
c:\users\sngbi\source\repos\gameserver\servercore\x64\debug\lock.obj
c:\users\sngbi\source\repos\gameserver\servercore\x64\debug\listener.obj
c:\users\sngbi\source\repos\gameserver\servercore\x64\debug\iocpevent.obj
c:\users\sngbi\source\repos\gameserver\servercore\x64\debug\iocpcore.obj
c:\users\sngbi\source\repos\gameserver\servercore\x64\debug\deadlockprofiler.obj
c:\users\sngbi\source\repos\gameserver\servercore\x64\debug\coretls.obj
c:\users\sngbi\source\repos\gameserver\servercore\x64\debug\corepch.obj
c:\users\sngbi\source\repos\gameserver\servercore\x64\debug\coremacro.obj
c:\users\sngbi\source\repos\gameserver\servercore\x64\debug\coreglobal.obj
c:\users\sngbi\source\repos\gameserver\servercore\x64\debug\bufferwriter.obj
c:\users\sngbi\source\repos\gameserver\servercore\x64\debug\bufferreader.obj
c:\users\sngbi\source\repos\gameserver\servercore\x64\debug\allocator.obj
c:\users\sngbi\source\repos\gameserver\servercore\x64\debug\threadmanager.obj
c:\users\sngbi\source\repos\gameserver\servercore\x64\debug\socketutils.obj
c:\users\sngbi\source\repos\gameserver\libraries\debug\servercore.lib
c:\users\sngbi\source\repos\gameserver\servercore\x64\debug\servercore.tlog\cl.command.1.tlog
c:\users\sngbi\source\repos\gameserver\servercore\x64\debug\servercore.tlog\cl.read.1.tlog
c:\users\sngbi\source\repos\gameserver\servercore\x64\debug\servercore.tlog\cl.write.1.tlog
c:\users\sngbi\source\repos\gameserver\servercore\x64\debug\servercore.tlog\lib-link.read.1.tlog
c:\users\sngbi\source\repos\gameserver\servercore\x64\debug\servercore.tlog\lib-link.write.1.tlog
c:\users\sngbi\source\repos\gameserver\servercore\x64\debug\servercore.tlog\lib.command.1.tlog
