  pch.cpp
  Allocator.cpp
  CoreGlobal.cpp
  CoreMacro.cpp
  CorePch.cpp
  CoreTLS.cpp
  DeadLockProfiler.cpp
  IocpCore.cpp
  IocpEvent.cpp
  Listener.cpp
  Lock.cpp
C:\Users\sngbi\source\repos\GameServer\ServerCore\Lock.cpp(19,43): warning C4244: '초기화 중': 'ULONGLONG'에서 'uint32'(으)로 변환하면서 데이터가 손실될 수 있습니다.
C:\Users\sngbi\source\repos\GameServer\ServerCore\Lock.cpp(19,25): warning C4244: '초기화 중': 'ULONGLONG'에서 'const uint32'(으)로 변환하면서 데이터가 손실될 수 있습니다.
C:\Users\sngbi\source\repos\GameServer\ServerCore\Lock.cpp(70,19): warning C4244: '초기화 중': 'ULONGLONG'에서 'uint32'(으)로 변환하면서 데이터가 손실될 수 있습니다.
  LockQueue.cpp
  MemoryManager.cpp
  MemoryPool.cpp
  NetAddress.cpp
  RecvBuffer.cpp
  SendBuffer.cpp
  Service.cpp
  Session.cpp
  SocketUtils.cpp
  ThreadManager.cpp
  코드를 생성하고 있습니다...
  ServerCore.vcxproj -> C:\Users\sngbi\source\repos\GameServer\Libraries\Debug\ServerCore.lib
